2021-04-07 17:25:48,979 0      [           main] INFO  aba.druid.pool.DruidDataSource  - {dataSource-1} inited
2021-04-07 17:42:02,158 0      [           main] INFO  aba.druid.pool.DruidDataSource  - {dataSource-1} inited
2021-04-07 17:44:28,566 0      [           main] INFO  aba.druid.pool.DruidDataSource  - {dataSource-1} inited
2021-04-07 17:45:54,718 0      [           main] INFO  aba.druid.pool.DruidDataSource  - {dataSource-1} inited
2021-04-07 17:47:31,958 0      [           main] INFO  aba.druid.pool.DruidDataSource  - {dataSource-1} inited
2021-04-07 17:48:21,823 0      [           main] INFO  aba.druid.pool.DruidDataSource  - {dataSource-1} inited
2021-04-07 17:55:40,307 0      [           main] INFO  aba.druid.pool.DruidDataSource  - {dataSource-1} inited
2021-04-07 17:57:53,157 0      [           main] INFO  aba.druid.pool.DruidDataSource  - {dataSource-1} inited
2021-04-07 18:00:29,580 0      [           main] INFO  aba.druid.pool.DruidDataSource  - {dataSource-1} inited
2021-04-07 18:08:06,135 0      [           main] INFO  aba.druid.pool.DruidDataSource  - {dataSource-1} inited
2021-04-07 18:27:07,026 0      [           main] INFO  aba.druid.pool.DruidDataSource  - {dataSource-1} inited
2021-04-07 18:28:23,223 0      [           main] INFO  aba.druid.pool.DruidDataSource  - {dataSource-1} inited
2021-04-07 18:29:26,125 0      [           main] INFO  aba.druid.pool.DruidDataSource  - {dataSource-1} inited
2021-04-07 18:30:46,771 0      [           main] INFO  aba.druid.pool.DruidDataSource  - {dataSource-1} inited
2021-04-07 18:31:28,383 0      [           main] INFO  aba.druid.pool.DruidDataSource  - {dataSource-1} inited
2021-04-07 18:33:42,872 1      [           main] INFO  aba.druid.pool.DruidDataSource  - {dataSource-1} inited
2021-04-08 09:38:08,560 0      [           main] INFO  aba.druid.pool.DruidDataSource  - {dataSource-1} inited
2021-04-08 09:41:55,812 0      [           main] INFO  aba.druid.pool.DruidDataSource  - {dataSource-1} inited
2021-04-08 09:44:48,663 0      [           main] INFO  aba.druid.pool.DruidDataSource  - {dataSource-1} inited
2021-04-08 09:48:17,921 0      [           main] INFO  aba.druid.pool.DruidDataSource  - {dataSource-1} inited
2021-04-08 09:50:23,433 0      [           main] INFO  aba.druid.pool.DruidDataSource  - {dataSource-1} inited
2021-04-08 09:51:49,879 0      [           main] INFO  aba.druid.pool.DruidDataSource  - {dataSource-1} inited
2021-04-08 10:12:47,950 0      [           main] INFO  aba.druid.pool.DruidDataSource  - {dataSource-1} inited
2021-04-08 10:17:59,089 0      [           main] INFO  aba.druid.pool.DruidDataSource  - {dataSource-1} inited
2021-04-08 10:21:49,405 1      [           main] INFO  aba.druid.pool.DruidDataSource  - {dataSource-1} inited
2021-04-08 10:40:35,960 0      [           main] INFO  aba.druid.pool.DruidDataSource  - {dataSource-1} inited
2021-04-08 10:43:39,908 0      [           main] INFO  aba.druid.pool.DruidDataSource  - {dataSource-1} inited
2021-04-08 10:44:48,486 0      [           main] INFO  aba.druid.pool.DruidDataSource  - {dataSource-1} inited
2021-04-08 10:46:23,503 0      [           main] INFO  aba.druid.pool.DruidDataSource  - {dataSource-1} inited
2021-04-08 11:03:59,258 0      [           main] INFO  aba.druid.pool.DruidDataSource  - {dataSource-1} inited
2021-04-08 11:07:56,850 0      [           main] INFO  aba.druid.pool.DruidDataSource  - {dataSource-1} inited
2021-04-08 11:09:57,678 0      [           main] INFO  aba.druid.pool.DruidDataSource  - {dataSource-1} inited
2021-04-08 11:12:39,731 0      [           main] INFO  aba.druid.pool.DruidDataSource  - {dataSource-1} inited
2021-04-08 11:14:13,689 0      [           main] INFO  aba.druid.pool.DruidDataSource  - {dataSource-1} inited
2021-04-08 11:16:25,751 0      [           main] INFO  aba.druid.pool.DruidDataSource  - {dataSource-1} inited
2021-04-08 11:19:41,079 0      [           main] INFO  aba.druid.pool.DruidDataSource  - {dataSource-1} inited
2021-04-08 11:30:38,245 0      [           main] INFO  aba.druid.pool.DruidDataSource  - {dataSource-1} inited
2021-04-08 11:52:04,859 0      [           main] INFO  aba.druid.pool.DruidDataSource  - {dataSource-1} inited
2021-04-08 11:52:35,998 0      [           main] INFO  aba.druid.pool.DruidDataSource  - {dataSource-1} inited
2021-04-08 11:59:11,829 0      [           main] INFO  aba.druid.pool.DruidDataSource  - {dataSource-1} inited
2021-04-08 12:00:21,887 0      [           main] INFO  aba.druid.pool.DruidDataSource  - {dataSource-1} inited
2021-04-08 12:00:55,051 0      [           main] INFO  aba.druid.pool.DruidDataSource  - {dataSource-1} inited
2021-04-08 12:01:49,002 0      [           main] INFO  aba.druid.pool.DruidDataSource  - {dataSource-1} inited
2021-04-08 12:02:32,328 0      [           main] INFO  aba.druid.pool.DruidDataSource  - {dataSource-1} inited
2021-04-08 12:03:23,275 0      [           main] INFO  aba.druid.pool.DruidDataSource  - {dataSource-1} inited
2021-04-08 12:04:13,617 0      [           main] INFO  aba.druid.pool.DruidDataSource  - {dataSource-1} inited
2021-04-08 12:04:20,464 0      [           main] INFO  aba.druid.pool.DruidDataSource  - {dataSource-1} inited
2021-04-08 12:06:30,145 0      [           main] INFO  aba.druid.pool.DruidDataSource  - {dataSource-1} inited
2021-04-08 12:09:07,888 1      [           main] INFO  aba.druid.pool.DruidDataSource  - {dataSource-1} inited
2021-04-08 12:09:44,991 0      [           main] INFO  aba.druid.pool.DruidDataSource  - {dataSource-1} inited
2021-04-08 12:12:14,525 0      [           main] INFO  aba.druid.pool.DruidDataSource  - {dataSource-1} inited
2021-04-08 21:54:07,566 0      [           main] INFO  aba.druid.pool.DruidDataSource  - {dataSource-1} inited
2021-04-08 21:56:12,492 0      [           main] INFO  aba.druid.pool.DruidDataSource  - {dataSource-1} inited
2021-04-08 22:00:12,738 0      [           main] INFO  aba.druid.pool.DruidDataSource  - {dataSource-1} inited
2021-04-08 22:09:25,437 0      [           main] INFO  aba.druid.pool.DruidDataSource  - {dataSource-1} inited
2021-04-08 22:15:37,807 0      [           main] INFO  aba.druid.pool.DruidDataSource  - {dataSource-1} inited
2021-04-08 22:17:57,145 0      [           main] INFO  aba.druid.pool.DruidDataSource  - {dataSource-1} inited
2021-04-08 22:21:11,866 0      [           main] INFO  aba.druid.pool.DruidDataSource  - {dataSource-1} inited
2021-04-08 22:22:47,058 0      [           main] INFO  aba.druid.pool.DruidDataSource  - {dataSource-1} inited
2021-04-08 22:26:18,611 0      [           main] INFO  aba.druid.pool.DruidDataSource  - {dataSource-1} inited
2021-04-08 22:34:32,533 0      [           main] INFO  aba.druid.pool.DruidDataSource  - {dataSource-1} inited
2021-04-08 22:35:18,899 0      [           main] INFO  aba.druid.pool.DruidDataSource  - {dataSource-1} inited
2021-04-08 22:46:41,465 0      [           main] INFO  aba.druid.pool.DruidDataSource  - {dataSource-1} inited
2021-04-08 22:48:18,134 0      [           main] INFO  aba.druid.pool.DruidDataSource  - {dataSource-1} inited
2021-04-08 22:49:17,437 0      [           main] INFO  aba.druid.pool.DruidDataSource  - {dataSource-1} inited
2021-04-08 22:50:01,382 0      [           main] INFO  aba.druid.pool.DruidDataSource  - {dataSource-1} inited
2021-04-08 22:53:10,266 0      [           main] INFO  aba.druid.pool.DruidDataSource  - {dataSource-1} inited
2021-04-08 22:56:08,708 0      [           main] INFO  aba.druid.pool.DruidDataSource  - {dataSource-1} inited
2021-04-08 22:57:36,270 0      [           main] INFO  aba.druid.pool.DruidDataSource  - {dataSource-1} inited
2021-04-08 23:01:03,024 0      [           main] INFO  aba.druid.pool.DruidDataSource  - {dataSource-1} inited
2021-04-08 23:03:55,980 0      [           main] INFO  aba.druid.pool.DruidDataSource  - {dataSource-1} inited
2021-04-08 23:22:02,317 0      [           main] INFO  aba.druid.pool.DruidDataSource  - {dataSource-1} inited
2021-04-08 23:22:44,559 0      [           main] INFO  aba.druid.pool.DruidDataSource  - {dataSource-1} inited
2021-04-08 23:27:47,419 0      [           main] INFO  aba.druid.pool.DruidDataSource  - {dataSource-1} inited
2021-04-08 23:30:10,806 0      [           main] INFO  aba.druid.pool.DruidDataSource  - {dataSource-1} inited
2021-04-08 23:36:11,301 0      [           main] INFO  aba.druid.pool.DruidDataSource  - {dataSource-1} inited
2021-04-08 23:39:00,503 0      [           main] INFO  aba.druid.pool.DruidDataSource  - {dataSource-1} inited
2021-04-09 10:52:00,443 0      [           main] INFO  aba.druid.pool.DruidDataSource  - {dataSource-1} inited
2021-04-09 10:53:15,726 0      [           main] INFO  aba.druid.pool.DruidDataSource  - {dataSource-1} inited
2021-04-09 10:54:38,110 0      [           main] INFO  aba.druid.pool.DruidDataSource  - {dataSource-1} inited
2021-04-09 10:56:17,687 0      [           main] INFO  aba.druid.pool.DruidDataSource  - {dataSource-1} inited
2021-04-09 10:57:23,412 0      [           main] INFO  aba.druid.pool.DruidDataSource  - {dataSource-1} inited
2021-04-09 11:05:54,941 0      [           main] INFO  aba.druid.pool.DruidDataSource  - {dataSource-1} inited
2021-04-09 11:06:51,733 0      [           main] INFO  aba.druid.pool.DruidDataSource  - {dataSource-1} inited
2021-04-09 11:08:56,738 0      [           main] INFO  aba.druid.pool.DruidDataSource  - {dataSource-1} inited
2021-04-09 11:12:41,484 0      [           main] INFO  aba.druid.pool.DruidDataSource  - {dataSource-1} inited
2021-04-09 11:20:18,489 0      [           main] INFO  aba.druid.pool.DruidDataSource  - {dataSource-1} inited
2021-04-09 11:22:15,978 1      [           main] INFO  aba.druid.pool.DruidDataSource  - {dataSource-1} inited
2021-04-09 11:25:04,853 0      [           main] INFO  aba.druid.pool.DruidDataSource  - {dataSource-1} inited
2021-04-09 11:26:35,745 0      [           main] INFO  aba.druid.pool.DruidDataSource  - {dataSource-1} inited
2021-04-09 11:35:34,768 0      [           main] INFO  aba.druid.pool.DruidDataSource  - {dataSource-1} inited
2021-04-09 11:36:51,490 0      [           main] INFO  aba.druid.pool.DruidDataSource  - {dataSource-1} inited
2021-04-09 11:38:53,930 0      [           main] INFO  aba.druid.pool.DruidDataSource  - {dataSource-1} inited
2021-04-09 11:40:30,752 0      [           main] INFO  aba.druid.pool.DruidDataSource  - {dataSource-1} inited
2021-04-09 11:41:33,863 0      [           main] INFO  aba.druid.pool.DruidDataSource  - {dataSource-1} inited
2021-04-09 11:42:15,841 0      [           main] INFO  aba.druid.pool.DruidDataSource  - {dataSource-1} inited
2021-04-09 11:43:27,943 0      [           main] INFO  aba.druid.pool.DruidDataSource  - {dataSource-1} inited
2021-04-09 11:44:05,439 0      [           main] INFO  aba.druid.pool.DruidDataSource  - {dataSource-1} inited
2021-04-09 11:46:31,185 0      [           main] INFO  aba.druid.pool.DruidDataSource  - {dataSource-1} inited
2021-04-09 11:47:20,919 0      [           main] INFO  aba.druid.pool.DruidDataSource  - {dataSource-1} inited
2021-04-09 11:48:16,830 0      [           main] INFO  aba.druid.pool.DruidDataSource  - {dataSource-1} inited
2021-04-09 11:58:10,444 0      [           main] INFO  aba.druid.pool.DruidDataSource  - {dataSource-1} inited
2021-04-09 11:59:26,041 0      [           main] INFO  aba.druid.pool.DruidDataSource  - {dataSource-1} inited
2021-04-09 12:08:53,281 0      [           main] INFO  aba.druid.pool.DruidDataSource  - {dataSource-1} inited
2021-04-09 15:40:29,644 0      [           main] INFO  aba.druid.pool.DruidDataSource  - {dataSource-1} inited
2021-04-09 15:41:07,420 0      [           main] INFO  aba.druid.pool.DruidDataSource  - {dataSource-1} inited
2021-04-09 15:41:38,828 0      [           main] INFO  aba.druid.pool.DruidDataSource  - {dataSource-1} inited
2021-04-09 15:47:02,686 0      [           main] INFO  aba.druid.pool.DruidDataSource  - {dataSource-1} inited
2021-04-09 15:51:15,133 0      [           main] INFO  aba.druid.pool.DruidDataSource  - {dataSource-1} inited
2021-04-09 15:52:27,257 0      [           main] INFO  aba.druid.pool.DruidDataSource  - {dataSource-1} inited
2021-04-09 15:53:31,717 0      [           main] INFO  aba.druid.pool.DruidDataSource  - {dataSource-1} inited
2021-04-09 15:54:06,081 0      [           main] INFO  aba.druid.pool.DruidDataSource  - {dataSource-1} inited
2021-04-09 15:56:40,904 0      [           main] INFO  aba.druid.pool.DruidDataSource  - {dataSource-1} inited
2021-04-09 15:57:53,469 0      [           main] INFO  aba.druid.pool.DruidDataSource  - {dataSource-1} inited
2021-04-09 15:58:30,977 0      [           main] INFO  aba.druid.pool.DruidDataSource  - {dataSource-1} inited
2021-04-09 15:59:26,777 0      [           main] INFO  aba.druid.pool.DruidDataSource  - {dataSource-1} inited
2021-04-09 16:01:01,052 0      [           main] INFO  aba.druid.pool.DruidDataSource  - {dataSource-1} inited
2021-04-09 16:02:26,080 0      [           main] INFO  aba.druid.pool.DruidDataSource  - {dataSource-1} inited
2021-04-09 16:03:33,744 0      [           main] INFO  aba.druid.pool.DruidDataSource  - {dataSource-1} inited
2021-04-09 16:04:51,379 0      [           main] INFO  aba.druid.pool.DruidDataSource  - {dataSource-1} inited
2021-04-09 16:06:09,296 0      [           main] INFO  aba.druid.pool.DruidDataSource  - {dataSource-1} inited
2021-04-09 16:23:20,707 0      [           main] INFO  aba.druid.pool.DruidDataSource  - {dataSource-1} inited
2021-04-09 16:24:06,835 0      [           main] INFO  aba.druid.pool.DruidDataSource  - {dataSource-1} inited
2021-04-09 16:28:00,281 0      [           main] INFO  aba.druid.pool.DruidDataSource  - {dataSource-1} inited
2021-04-09 16:36:25,010 0      [           main] INFO  aba.druid.pool.DruidDataSource  - {dataSource-1} inited
2021-04-09 16:38:47,009 0      [           main] INFO  aba.druid.pool.DruidDataSource  - {dataSource-1} inited
2021-04-09 16:42:22,708 0      [           main] INFO  aba.druid.pool.DruidDataSource  - {dataSource-1} inited
2021-04-09 16:45:34,577 0      [           main] INFO  aba.druid.pool.DruidDataSource  - {dataSource-1} inited
2021-04-09 16:47:11,754 0      [           main] INFO  aba.druid.pool.DruidDataSource  - {dataSource-1} inited
2021-04-09 16:48:04,083 0      [           main] INFO  aba.druid.pool.DruidDataSource  - {dataSource-1} inited
2021-04-09 16:48:56,488 0      [           main] INFO  aba.druid.pool.DruidDataSource  - {dataSource-1} inited
2021-04-09 17:03:46,052 0      [           main] INFO  aba.druid.pool.DruidDataSource  - {dataSource-1} inited
2021-04-09 17:05:21,593 0      [           main] INFO  aba.druid.pool.DruidDataSource  - {dataSource-1} inited
2021-04-09 17:05:54,165 0      [           main] INFO  aba.druid.pool.DruidDataSource  - {dataSource-1} inited
2021-04-09 17:11:18,485 0      [           main] INFO  aba.druid.pool.DruidDataSource  - {dataSource-1} inited
2021-04-09 17:50:45,320 0      [           main] INFO  aba.druid.pool.DruidDataSource  - {dataSource-1} inited
2021-04-09 17:52:16,321 0      [           main] INFO  aba.druid.pool.DruidDataSource  - {dataSource-1} inited
2021-04-09 17:55:41,867 0      [           main] INFO  aba.druid.pool.DruidDataSource  - {dataSource-1} inited
2021-04-09 17:58:11,410 0      [           main] INFO  aba.druid.pool.DruidDataSource  - {dataSource-1} inited
2021-04-10 10:54:22,970 0      [           main] INFO  aba.druid.pool.DruidDataSource  - {dataSource-1} inited
2021-04-10 11:04:04,842 0      [           main] INFO  aba.druid.pool.DruidDataSource  - {dataSource-1} inited
2021-04-10 11:05:47,874 0      [           main] INFO  aba.druid.pool.DruidDataSource  - {dataSource-1} inited
2021-04-10 11:07:14,189 0      [           main] INFO  aba.druid.pool.DruidDataSource  - {dataSource-1} inited
2021-04-10 11:47:16,514 0      [           main] INFO  aba.druid.pool.DruidDataSource  - {dataSource-1} inited
2021-04-10 11:48:50,079 0      [           main] INFO  aba.druid.pool.DruidDataSource  - {dataSource-1} inited
2021-04-10 13:50:31,054 0      [           main] INFO  aba.druid.pool.DruidDataSource  - {dataSource-1} inited
2021-04-10 13:56:13,188 0      [           main] INFO  aba.druid.pool.DruidDataSource  - {dataSource-1} inited
2021-04-10 13:58:05,992 0      [           main] INFO  aba.druid.pool.DruidDataSource  - {dataSource-1} inited
2021-04-10 14:02:58,266 0      [           main] INFO  aba.druid.pool.DruidDataSource  - {dataSource-1} inited
2021-04-10 14:04:06,546 0      [           main] INFO  aba.druid.pool.DruidDataSource  - {dataSource-1} inited
2021-04-10 14:11:59,185 0      [           main] INFO  aba.druid.pool.DruidDataSource  - {dataSource-1} inited
2021-04-10 14:14:41,755 0      [           main] INFO  aba.druid.pool.DruidDataSource  - {dataSource-1} inited
2021-04-10 14:21:03,622 0      [           main] INFO  aba.druid.pool.DruidDataSource  - {dataSource-1} inited
2021-04-10 14:39:39,873 0      [           main] INFO  aba.druid.pool.DruidDataSource  - {dataSource-1} inited
2021-04-10 14:40:27,017 0      [           main] INFO  aba.druid.pool.DruidDataSource  - {dataSource-1} inited
2021-04-10 14:41:58,900 0      [           main] INFO  aba.druid.pool.DruidDataSource  - {dataSource-1} inited
2021-04-10 14:44:39,298 0      [           main] INFO  aba.druid.pool.DruidDataSource  - {dataSource-1} inited
2021-04-10 14:46:40,207 0      [           main] INFO  aba.druid.pool.DruidDataSource  - {dataSource-1} inited
2021-04-10 14:47:37,768 0      [           main] INFO  aba.druid.pool.DruidDataSource  - {dataSource-1} inited
2021-04-10 14:48:33,225 0      [           main] INFO  aba.druid.pool.DruidDataSource  - {dataSource-1} inited
2021-04-10 14:49:55,377 0      [           main] INFO  aba.druid.pool.DruidDataSource  - {dataSource-1} inited
2021-04-10 14:59:25,380 0      [           main] INFO  aba.druid.pool.DruidDataSource  - {dataSource-1} inited
2021-04-10 15:00:25,676 0      [           main] INFO  aba.druid.pool.DruidDataSource  - {dataSource-1} inited
2021-04-10 15:01:48,867 0      [           main] INFO  aba.druid.pool.DruidDataSource  - {dataSource-1} inited
2021-04-10 15:09:01,092 0      [           main] INFO  aba.druid.pool.DruidDataSource  - {dataSource-1} inited
2021-04-10 15:11:09,222 0      [           main] INFO  aba.druid.pool.DruidDataSource  - {dataSource-1} inited
2021-04-10 15:12:32,924 0      [           main] INFO  aba.druid.pool.DruidDataSource  - {dataSource-1} inited
2021-04-10 15:14:52,752 0      [           main] INFO  aba.druid.pool.DruidDataSource  - {dataSource-1} inited
2021-04-10 15:20:40,250 0      [           main] INFO  aba.druid.pool.DruidDataSource  - {dataSource-1} inited
2021-04-10 15:22:52,566 0      [           main] INFO  aba.druid.pool.DruidDataSource  - {dataSource-1} inited
2021-04-10 15:45:55,029 0      [           main] INFO  aba.druid.pool.DruidDataSource  - {dataSource-1} inited
2021-04-10 15:46:18,397 0      [           main] INFO  aba.druid.pool.DruidDataSource  - {dataSource-1} inited
2021-04-10 15:47:07,227 0      [           main] INFO  aba.druid.pool.DruidDataSource  - {dataSource-1} inited
2021-04-10 15:47:52,272 0      [           main] INFO  aba.druid.pool.DruidDataSource  - {dataSource-1} inited
2021-04-10 15:53:42,457 0      [           main] INFO  aba.druid.pool.DruidDataSource  - {dataSource-1} inited
2021-04-10 15:54:25,699 0      [           main] INFO  aba.druid.pool.DruidDataSource  - {dataSource-1} inited
2021-04-10 16:07:27,507 0      [           main] INFO  aba.druid.pool.DruidDataSource  - {dataSource-1} inited
2021-04-10 16:08:44,215 0      [           main] INFO  aba.druid.pool.DruidDataSource  - {dataSource-1} inited
2021-04-10 16:09:45,327 0      [           main] INFO  aba.druid.pool.DruidDataSource  - {dataSource-1} inited
2021-04-10 16:10:05,816 0      [           main] INFO  aba.druid.pool.DruidDataSource  - {dataSource-1} inited
2021-04-10 16:17:55,683 0      [           main] INFO  aba.druid.pool.DruidDataSource  - {dataSource-1} inited
2021-04-10 16:19:19,135 15     [           main] INFO  aba.druid.pool.DruidDataSource  - {dataSource-1} inited
2021-04-10 16:22:30,886 0      [           main] INFO  aba.druid.pool.DruidDataSource  - {dataSource-1} inited
2021-04-10 16:23:37,482 0      [           main] INFO  aba.druid.pool.DruidDataSource  - {dataSource-1} inited
2021-04-10 16:26:04,097 0      [           main] INFO  aba.druid.pool.DruidDataSource  - {dataSource-1} inited
2021-04-10 16:39:14,955 0      [           main] INFO  aba.druid.pool.DruidDataSource  - {dataSource-1} inited
2021-04-10 16:40:25,418 0      [           main] INFO  aba.druid.pool.DruidDataSource  - {dataSource-1} inited
2021-04-10 16:41:21,455 0      [           main] INFO  aba.druid.pool.DruidDataSource  - {dataSource-1} inited
2021-04-10 16:42:05,626 0      [           main] INFO  aba.druid.pool.DruidDataSource  - {dataSource-1} inited
2021-04-10 16:43:17,489 0      [           main] INFO  aba.druid.pool.DruidDataSource  - {dataSource-1} inited
2021-04-10 16:57:59,142 0      [           main] INFO  aba.druid.pool.DruidDataSource  - {dataSource-1} inited
2021-04-10 16:59:00,832 0      [           main] INFO  aba.druid.pool.DruidDataSource  - {dataSource-1} inited
2021-04-10 17:07:39,272 0      [           main] INFO  aba.druid.pool.DruidDataSource  - {dataSource-1} inited
2021-04-10 17:29:05,265 0      [           main] INFO  aba.druid.pool.DruidDataSource  - {dataSource-1} inited
2021-04-10 17:30:10,702 0      [           main] INFO  aba.druid.pool.DruidDataSource  - {dataSource-1} inited
2021-04-10 17:31:41,472 0      [           main] INFO  aba.druid.pool.DruidDataSource  - {dataSource-1} inited
2021-04-10 17:32:47,372 0      [           main] INFO  aba.druid.pool.DruidDataSource  - {dataSource-1} inited
2021-04-10 17:44:04,505 0      [           main] INFO  aba.druid.pool.DruidDataSource  - {dataSource-1} inited
2021-04-10 17:45:31,019 0      [           main] INFO  aba.druid.pool.DruidDataSource  - {dataSource-1} inited
2021-04-10 19:37:34,134 0      [           main] INFO  aba.druid.pool.DruidDataSource  - {dataSource-1} inited
2021-04-10 19:40:53,745 0      [           main] INFO  aba.druid.pool.DruidDataSource  - {dataSource-1} inited
2021-04-10 19:42:18,030 0      [           main] INFO  aba.druid.pool.DruidDataSource  - {dataSource-1} inited
2021-04-10 19:46:09,033 0      [           main] INFO  aba.druid.pool.DruidDataSource  - {dataSource-1} inited
2021-04-10 19:46:47,455 0      [           main] INFO  aba.druid.pool.DruidDataSource  - {dataSource-1} inited
2021-04-10 19:57:19,032 0      [           main] INFO  aba.druid.pool.DruidDataSource  - {dataSource-1} inited
2021-04-10 19:58:52,036 0      [           main] INFO  aba.druid.pool.DruidDataSource  - {dataSource-1} inited
2021-04-10 20:07:53,018 0      [           main] INFO  aba.druid.pool.DruidDataSource  - {dataSource-1} inited
2021-04-10 20:09:19,647 0      [           main] INFO  aba.druid.pool.DruidDataSource  - {dataSource-1} inited
2021-04-10 20:09:58,367 0      [           main] INFO  aba.druid.pool.DruidDataSource  - {dataSource-1} inited
2021-04-10 20:10:07,079 0      [           main] INFO  aba.druid.pool.DruidDataSource  - {dataSource-1} inited
2021-04-10 20:10:55,170 0      [           main] INFO  aba.druid.pool.DruidDataSource  - {dataSource-1} inited
2021-04-12 15:38:07,400 0      [           main] INFO  aba.druid.pool.DruidDataSource  - {dataSource-1} inited
2021-04-12 15:46:14,317 0      [           main] INFO  aba.druid.pool.DruidDataSource  - {dataSource-1} inited
2021-04-12 15:46:15,782 1465   [           main] INFO  aba.druid.pool.DruidDataSource  - {dataSource-1} closed
2021-04-12 15:46:36,533 0      [           main] INFO  aba.druid.pool.DruidDataSource  - {dataSource-1} inited
2021-04-12 15:47:21,952 0      [           main] INFO  aba.druid.pool.DruidDataSource  - {dataSource-1} inited
2021-04-12 15:50:03,896 0      [           main] INFO  aba.druid.pool.DruidDataSource  - {dataSource-1} inited
2021-04-12 15:50:40,233 0      [           main] INFO  aba.druid.pool.DruidDataSource  - {dataSource-1} inited
2021-04-12 15:51:59,407 0      [           main] INFO  aba.druid.pool.DruidDataSource  - {dataSource-1} inited
2021-04-12 15:53:03,567 0      [           main] INFO  aba.druid.pool.DruidDataSource  - {dataSource-1} inited
2021-04-12 15:54:04,131 0      [           main] INFO  aba.druid.pool.DruidDataSource  - {dataSource-1} inited
2021-04-12 15:55:17,912 0      [           main] INFO  aba.druid.pool.DruidDataSource  - {dataSource-1} inited
2021-04-12 15:57:19,426 0      [           main] INFO  aba.druid.pool.DruidDataSource  - {dataSource-1} inited
2021-04-12 15:58:18,997 0      [           main] INFO  aba.druid.pool.DruidDataSource  - {dataSource-1} inited
2021-04-12 16:18:09,018 9      [           main] INFO  aba.druid.pool.DruidDataSource  - {dataSource-1} inited
2021-04-12 16:22:07,243 0      [           main] INFO  aba.druid.pool.DruidDataSource  - {dataSource-1} inited
2021-04-12 16:28:25,434 0      [           main] INFO  aba.druid.pool.DruidDataSource  - {dataSource-1} inited
2021-04-12 16:32:12,054 0      [           main] INFO  aba.druid.pool.DruidDataSource  - {dataSource-1} inited
2021-04-12 16:33:16,530 0      [           main] INFO  aba.druid.pool.DruidDataSource  - {dataSource-1} inited
2021-04-12 16:38:19,962 0      [           main] INFO  aba.druid.pool.DruidDataSource  - {dataSource-1} inited
2021-04-12 16:40:30,135 0      [           main] INFO  aba.druid.pool.DruidDataSource  - {dataSource-1} inited
2021-04-12 16:41:16,777 0      [           main] INFO  aba.druid.pool.DruidDataSource  - {dataSource-1} inited
2021-04-12 16:42:47,045 0      [           main] INFO  aba.druid.pool.DruidDataSource  - {dataSource-1} inited
2021-04-12 16:44:01,573 0      [           main] INFO  aba.druid.pool.DruidDataSource  - {dataSource-1} inited
2021-04-12 16:45:44,683 0      [           main] INFO  aba.druid.pool.DruidDataSource  - {dataSource-1} inited
2021-04-12 16:47:14,513 0      [           main] INFO  aba.druid.pool.DruidDataSource  - {dataSource-1} inited
2021-04-12 16:49:06,487 0      [           main] INFO  aba.druid.pool.DruidDataSource  - {dataSource-1} inited
2021-04-12 16:51:24,135 0      [           main] INFO  aba.druid.pool.DruidDataSource  - {dataSource-1} inited
2021-04-12 16:54:15,738 0      [           main] INFO  aba.druid.pool.DruidDataSource  - {dataSource-1} inited
2021-04-12 16:56:48,149 0      [           main] INFO  aba.druid.pool.DruidDataSource  - {dataSource-1} inited
2021-04-12 16:57:45,333 0      [           main] INFO  aba.druid.pool.DruidDataSource  - {dataSource-1} inited
2021-04-12 16:58:58,082 0      [           main] INFO  aba.druid.pool.DruidDataSource  - {dataSource-1} inited
2021-04-12 17:00:27,008 0      [           main] INFO  aba.druid.pool.DruidDataSource  - {dataSource-1} inited
2021-04-12 17:04:35,247 0      [           main] INFO  aba.druid.pool.DruidDataSource  - {dataSource-1} inited
2021-04-12 17:05:35,780 0      [           main] INFO  aba.druid.pool.DruidDataSource  - {dataSource-1} inited
2021-04-12 17:07:06,487 1      [           main] INFO  aba.druid.pool.DruidDataSource  - {dataSource-1} inited
2021-04-12 17:08:07,816 0      [           main] INFO  aba.druid.pool.DruidDataSource  - {dataSource-1} inited
2021-04-12 17:09:00,838 0      [           main] INFO  aba.druid.pool.DruidDataSource  - {dataSource-1} inited
2021-04-12 17:10:41,847 0      [           main] INFO  aba.druid.pool.DruidDataSource  - {dataSource-1} inited
2021-04-12 17:11:43,040 0      [           main] INFO  aba.druid.pool.DruidDataSource  - {dataSource-1} inited
2021-04-12 17:12:47,588 0      [           main] INFO  aba.druid.pool.DruidDataSource  - {dataSource-1} inited
2021-04-12 17:13:34,647 0      [           main] INFO  aba.druid.pool.DruidDataSource  - {dataSource-1} inited
2021-04-12 17:14:00,501 0      [           main] INFO  aba.druid.pool.DruidDataSource  - {dataSource-1} inited
2021-04-12 17:15:47,517 0      [           main] INFO  aba.druid.pool.DruidDataSource  - {dataSource-1} inited
2021-04-12 17:18:31,825 0      [           main] INFO  aba.druid.pool.DruidDataSource  - {dataSource-1} inited
2021-04-12 17:20:01,817 0      [           main] INFO  aba.druid.pool.DruidDataSource  - {dataSource-1} inited
2021-04-12 17:21:43,779 0      [           main] INFO  aba.druid.pool.DruidDataSource  - {dataSource-1} inited
2021-04-12 17:23:11,261 0      [           main] INFO  aba.druid.pool.DruidDataSource  - {dataSource-1} inited
2021-04-12 17:23:41,373 0      [           main] INFO  aba.druid.pool.DruidDataSource  - {dataSource-1} inited
2021-04-12 17:24:33,768 0      [           main] INFO  aba.druid.pool.DruidDataSource  - {dataSource-1} inited
2021-04-12 17:26:04,630 0      [           main] INFO  aba.druid.pool.DruidDataSource  - {dataSource-1} inited
2021-04-12 17:27:57,777 0      [           main] INFO  aba.druid.pool.DruidDataSource  - {dataSource-1} inited
2021-04-12 17:29:18,882 0      [           main] INFO  aba.druid.pool.DruidDataSource  - {dataSource-1} inited
2021-04-12 17:30:24,884 0      [           main] INFO  aba.druid.pool.DruidDataSource  - {dataSource-1} inited
2021-04-12 17:31:33,396 0      [           main] INFO  aba.druid.pool.DruidDataSource  - {dataSource-1} inited
2021-04-14 10:22:33,050 0      [           main] INFO  aba.druid.pool.DruidDataSource  - {dataSource-1} inited
2021-04-14 10:23:47,136 0      [           main] INFO  aba.druid.pool.DruidDataSource  - {dataSource-1} inited
2021-04-14 10:25:24,126 0      [           main] INFO  aba.druid.pool.DruidDataSource  - {dataSource-1} inited
2021-04-14 10:37:52,681 0      [           main] INFO  aba.druid.pool.DruidDataSource  - {dataSource-1} inited
2021-04-14 10:58:16,039 0      [           main] INFO  aba.druid.pool.DruidDataSource  - {dataSource-1} inited
2021-04-14 11:00:09,283 0      [           main] INFO  aba.druid.pool.DruidDataSource  - {dataSource-1} inited
2021-04-14 11:04:51,993 0      [           main] INFO  aba.druid.pool.DruidDataSource  - {dataSource-1} inited
2021-04-14 11:09:44,066 0      [           main] INFO  aba.druid.pool.DruidDataSource  - {dataSource-1} inited
2021-04-14 14:14:14,468 0      [           main] INFO  aba.druid.pool.DruidDataSource  - {dataSource-1} inited
2021-04-14 14:24:39,503 0      [           main] INFO  aba.druid.pool.DruidDataSource  - {dataSource-1} inited
2021-04-14 14:24:39,956 453    [           main] INFO  aba.druid.pool.DruidDataSource  - {dataSource-1} closed
2021-04-14 14:25:16,543 0      [           main] INFO  aba.druid.pool.DruidDataSource  - {dataSource-1} inited
2021-04-14 14:28:53,134 0      [           main] INFO  aba.druid.pool.DruidDataSource  - {dataSource-1} inited
2021-04-14 14:31:17,528 0      [           main] INFO  aba.druid.pool.DruidDataSource  - {dataSource-1} inited
2021-04-14 14:34:29,545 0      [           main] INFO  aba.druid.pool.DruidDataSource  - {dataSource-1} inited
2021-04-14 14:35:54,067 0      [           main] INFO  aba.druid.pool.DruidDataSource  - {dataSource-1} inited
2021-04-14 14:39:36,616 0      [           main] INFO  aba.druid.pool.DruidDataSource  - {dataSource-1} inited
2021-04-14 14:40:56,626 0      [           main] INFO  aba.druid.pool.DruidDataSource  - {dataSource-1} inited
2021-04-14 14:41:45,213 0      [           main] INFO  aba.druid.pool.DruidDataSource  - {dataSource-1} inited
2021-04-14 14:43:15,571 0      [           main] INFO  aba.druid.pool.DruidDataSource  - {dataSource-1} inited
2021-04-14 14:50:43,549 0      [           main] INFO  aba.druid.pool.DruidDataSource  - {dataSource-1} inited
2021-04-14 14:52:47,500 0      [           main] INFO  aba.druid.pool.DruidDataSource  - {dataSource-1} inited
2021-04-14 14:55:33,884 0      [           main] INFO  aba.druid.pool.DruidDataSource  - {dataSource-1} inited
2021-04-14 14:56:51,039 0      [           main] INFO  aba.druid.pool.DruidDataSource  - {dataSource-1} inited
2021-04-14 14:58:26,017 0      [           main] INFO  aba.druid.pool.DruidDataSource  - {dataSource-1} inited
2021-04-14 15:01:38,745 0      [           main] INFO  aba.druid.pool.DruidDataSource  - {dataSource-1} inited
2021-04-14 15:04:09,622 0      [           main] INFO  aba.druid.pool.DruidDataSource  - {dataSource-1} inited
2021-04-14 15:05:26,216 0      [           main] INFO  aba.druid.pool.DruidDataSource  - {dataSource-1} inited
2021-04-15 10:02:05,727 0      [           main] INFO  aba.druid.pool.DruidDataSource  - {dataSource-1} inited
2021-04-16 09:11:04,856 0      [           main] INFO  aba.druid.pool.DruidDataSource  - {dataSource-1} inited
2021-04-16 09:16:56,565 0      [           main] INFO  aba.druid.pool.DruidDataSource  - {dataSource-1} inited
2021-04-16 09:17:27,354 0      [           main] INFO  aba.druid.pool.DruidDataSource  - {dataSource-1} inited
2021-04-16 09:17:54,029 0      [           main] INFO  aba.druid.pool.DruidDataSource  - {dataSource-1} inited
2021-04-16 09:18:38,459 0      [           main] INFO  aba.druid.pool.DruidDataSource  - {dataSource-1} inited
2021-04-16 09:19:57,307 0      [           main] INFO  aba.druid.pool.DruidDataSource  - {dataSource-1} inited
2021-04-16 09:21:03,065 0      [           main] INFO  aba.druid.pool.DruidDataSource  - {dataSource-1} inited
2021-04-16 09:22:52,365 0      [           main] INFO  aba.druid.pool.DruidDataSource  - {dataSource-1} inited
2021-04-16 09:23:56,759 0      [           main] INFO  aba.druid.pool.DruidDataSource  - {dataSource-1} inited
2021-04-16 09:24:41,292 0      [           main] INFO  aba.druid.pool.DruidDataSource  - {dataSource-1} inited
2021-04-16 09:52:43,845 0      [           main] INFO  aba.druid.pool.DruidDataSource  - {dataSource-1} inited
2021-04-16 09:55:16,892 0      [           main] INFO  aba.druid.pool.DruidDataSource  - {dataSource-1} inited
2021-04-16 09:56:48,346 0      [           main] INFO  aba.druid.pool.DruidDataSource  - {dataSource-1} inited
2021-04-16 09:58:07,896 0      [           main] INFO  aba.druid.pool.DruidDataSource  - {dataSource-1} inited
2021-04-16 09:59:57,336 0      [           main] INFO  aba.druid.pool.DruidDataSource  - {dataSource-1} inited
2021-04-16 10:01:31,220 0      [           main] INFO  aba.druid.pool.DruidDataSource  - {dataSource-1} inited
2021-04-16 10:03:22,700 0      [           main] INFO  aba.druid.pool.DruidDataSource  - {dataSource-1} inited
2021-04-16 10:04:12,458 0      [           main] INFO  aba.druid.pool.DruidDataSource  - {dataSource-1} inited
2021-04-16 10:07:05,877 0      [           main] INFO  aba.druid.pool.DruidDataSource  - {dataSource-1} inited
2021-04-16 11:21:26,900 0      [           main] INFO  aba.druid.pool.DruidDataSource  - {dataSource-1} inited
2021-04-16 11:24:32,488 0      [           main] INFO  aba.druid.pool.DruidDataSource  - {dataSource-1} inited
2021-04-16 11:27:58,865 0      [           main] INFO  aba.druid.pool.DruidDataSource  - {dataSource-1} inited
2021-04-16 11:29:15,496 0      [           main] INFO  aba.druid.pool.DruidDataSource  - {dataSource-1} inited
2021-04-16 11:31:17,894 0      [           main] INFO  aba.druid.pool.DruidDataSource  - {dataSource-1} inited
2021-04-16 11:32:25,080 0      [           main] INFO  aba.druid.pool.DruidDataSource  - {dataSource-1} inited
2021-04-16 11:33:36,633 0      [           main] INFO  aba.druid.pool.DruidDataSource  - {dataSource-1} inited
2021-04-16 16:26:38,785 0      [           main] INFO  aba.druid.pool.DruidDataSource  - {dataSource-1} inited
2021-04-16 16:27:51,628 0      [           main] INFO  aba.druid.pool.DruidDataSource  - {dataSource-1} inited
2021-04-16 16:29:28,662 0      [           main] INFO  aba.druid.pool.DruidDataSource  - {dataSource-1} inited
2021-04-16 16:30:30,341 0      [           main] INFO  aba.druid.pool.DruidDataSource  - {dataSource-1} inited
2021-04-16 16:31:31,365 0      [           main] INFO  aba.druid.pool.DruidDataSource  - {dataSource-1} inited
2021-04-16 16:32:07,248 0      [           main] INFO  aba.druid.pool.DruidDataSource  - {dataSource-1} inited
2021-04-16 16:34:25,064 0      [           main] INFO  aba.druid.pool.DruidDataSource  - {dataSource-1} inited
2021-04-16 16:50:59,146 0      [           main] INFO  aba.druid.pool.DruidDataSource  - {dataSource-1} inited
2021-05-05 15:41:14,099 0      [           main] INFO  aba.druid.pool.DruidDataSource  - {dataSource-1} inited
2021-05-05 15:44:42,881 0      [           main] INFO  aba.druid.pool.DruidDataSource  - {dataSource-1} inited
2021-05-05 15:47:23,987 0      [           main] INFO  aba.druid.pool.DruidDataSource  - {dataSource-1} inited
2021-05-05 15:48:14,309 0      [           main] INFO  aba.druid.pool.DruidDataSource  - {dataSource-1} inited
2021-05-05 15:50:25,990 0      [           main] INFO  aba.druid.pool.DruidDataSource  - {dataSource-1} inited
2021-05-05 15:53:04,890 0      [           main] INFO  aba.druid.pool.DruidDataSource  - {dataSource-1} inited
2021-05-05 15:58:15,318 0      [           main] INFO  aba.druid.pool.DruidDataSource  - {dataSource-1} inited
2021-05-05 15:59:04,352 0      [           main] INFO  aba.druid.pool.DruidDataSource  - {dataSource-1} inited
2021-05-05 15:59:58,034 0      [           main] INFO  aba.druid.pool.DruidDataSource  - {dataSource-1} inited
2021-05-05 16:01:02,458 0      [           main] INFO  aba.druid.pool.DruidDataSource  - {dataSource-1} inited
2021-05-05 16:03:47,321 0      [           main] INFO  aba.druid.pool.DruidDataSource  - {dataSource-1} inited
2021-05-05 16:36:29,344 0      [           main] INFO  aba.druid.pool.DruidDataSource  - {dataSource-1} inited
2021-05-05 16:36:34,229 4885   [       Thread-3] INFO  aba.druid.pool.DruidDataSource  - {dataSource-1} closed
2021-05-05 16:36:40,033 0      [           main] INFO  aba.druid.pool.DruidDataSource  - {dataSource-1} inited
2021-05-05 16:39:36,562 0      [           main] INFO  aba.druid.pool.DruidDataSource  - {dataSource-1} inited
2021-05-06 14:46:32,545 0      [           main] INFO  aba.druid.pool.DruidDataSource  - {dataSource-1} inited
2021-05-12 17:57:34,308 0      [           main] INFO  aba.druid.pool.DruidDataSource  - {dataSource-1} inited
2021-05-12 17:57:36,295 1987   [           main] INFO  aba.druid.pool.DruidDataSource  - {dataSource-1} closed
2021-05-12 17:58:46,345 0      [           main] INFO  aba.druid.pool.DruidDataSource  - {dataSource-1} inited
2021-05-12 18:03:30,350 0      [           main] INFO  aba.druid.pool.DruidDataSource  - {dataSource-1} inited
2021-05-16 17:02:29,032 0      [           main] INFO  aba.druid.pool.DruidDataSource  - {dataSource-1} inited
2021-05-16 17:34:29,370 0      [           main] INFO  aba.druid.pool.DruidDataSource  - {dataSource-1} inited
2021-05-16 17:35:54,290 0      [           main] INFO  aba.druid.pool.DruidDataSource  - {dataSource-1} inited
2021-05-16 20:33:52,468 0      [           main] INFO  aba.druid.pool.DruidDataSource  - {dataSource-1} inited
2021-05-17 09:35:34,823 0      [           main] INFO  aba.druid.pool.DruidDataSource  - {dataSource-1} inited
2021-05-19 19:59:03,358 0      [           main] INFO  aba.druid.pool.DruidDataSource  - {dataSource-1} inited
2021-05-19 20:15:40,288 0      [           main] INFO  aba.druid.pool.DruidDataSource  - {dataSource-1} inited
2021-05-19 20:17:08,549 0      [           main] INFO  aba.druid.pool.DruidDataSource  - {dataSource-1} inited
2021-05-19 20:18:40,587 0      [           main] INFO  aba.druid.pool.DruidDataSource  - {dataSource-1} inited
2021-05-19 20:20:01,046 0      [           main] INFO  aba.druid.pool.DruidDataSource  - {dataSource-1} inited
2021-05-19 20:22:04,160 0      [           main] INFO  aba.druid.pool.DruidDataSource  - {dataSource-1} inited
2021-05-19 20:23:19,694 1      [           main] INFO  aba.druid.pool.DruidDataSource  - {dataSource-1} inited
2021-05-19 20:23:55,150 0      [           main] INFO  aba.druid.pool.DruidDataSource  - {dataSource-1} inited
2021-05-19 22:10:09,032 0      [           main] INFO  aba.druid.pool.DruidDataSource  - {dataSource-1} inited
2021-05-19 22:12:15,517 0      [           main] INFO  aba.druid.pool.DruidDataSource  - {dataSource-1} inited
2021-05-19 22:41:27,806 0      [           main] INFO  aba.druid.pool.DruidDataSource  - {dataSource-1} inited
2021-05-19 22:43:48,348 0      [           main] INFO  aba.druid.pool.DruidDataSource  - {dataSource-1} inited
2021-05-19 22:50:34,768 0      [           main] INFO  aba.druid.pool.DruidDataSource  - {dataSource-1} inited
2021-05-19 22:57:38,038 0      [           main] INFO  aba.druid.pool.DruidDataSource  - {dataSource-1} inited
2021-05-19 22:59:13,109 0      [           main] INFO  aba.druid.pool.DruidDataSource  - {dataSource-1} inited
2021-05-19 23:02:55,769 0      [           main] INFO  aba.druid.pool.DruidDataSource  - {dataSource-1} inited
2021-05-19 23:05:44,356 0      [           main] INFO  aba.druid.pool.DruidDataSource  - {dataSource-1} inited
2021-05-19 23:14:33,906 0      [           main] INFO  aba.druid.pool.DruidDataSource  - {dataSource-1} inited
2021-05-19 23:15:19,522 0      [           main] INFO  aba.druid.pool.DruidDataSource  - {dataSource-1} inited
2021-05-19 23:16:21,588 0      [           main] INFO  aba.druid.pool.DruidDataSource  - {dataSource-1} inited
2021-05-19 23:19:30,966 0      [           main] INFO  aba.druid.pool.DruidDataSource  - {dataSource-1} inited
2021-05-19 23:23:59,806 0      [           main] INFO  aba.druid.pool.DruidDataSource  - {dataSource-1} inited
2021-05-19 23:27:55,753 0      [           main] INFO  aba.druid.pool.DruidDataSource  - {dataSource-1} inited
2021-05-19 23:29:59,423 0      [           main] INFO  aba.druid.pool.DruidDataSource  - {dataSource-1} inited
2021-05-19 23:30:43,494 0      [           main] INFO  aba.druid.pool.DruidDataSource  - {dataSource-1} inited
2021-05-19 23:40:24,606 0      [           main] INFO  aba.druid.pool.DruidDataSource  - {dataSource-1} inited
2021-05-19 23:43:07,233 0      [           main] INFO  aba.druid.pool.DruidDataSource  - {dataSource-1} inited
2021-05-19 23:45:36,825 0      [           main] INFO  aba.druid.pool.DruidDataSource  - {dataSource-1} inited
2021-05-20 14:49:42,611 0      [           main] INFO  aba.druid.pool.DruidDataSource  - {dataSource-1} inited
2021-05-22 10:15:05,697 0      [           main] INFO  aba.druid.pool.DruidDataSource  - {dataSource-1} inited
2021-05-22 10:32:46,513 0      [           main] INFO  aba.druid.pool.DruidDataSource  - {dataSource-1} inited
2021-05-22 10:36:22,959 0      [           main] INFO  aba.druid.pool.DruidDataSource  - {dataSource-1} inited
2021-05-22 10:37:21,872 0      [           main] INFO  aba.druid.pool.DruidDataSource  - {dataSource-1} inited
2021-05-22 10:40:13,499 0      [           main] INFO  aba.druid.pool.DruidDataSource  - {dataSource-1} inited
2021-05-23 10:11:05,090 0      [           main] INFO  aba.druid.pool.DruidDataSource  - {dataSource-1} inited
2021-05-23 10:13:50,293 0      [           main] INFO  aba.druid.pool.DruidDataSource  - {dataSource-1} inited
2021-05-23 10:16:31,296 0      [           main] INFO  aba.druid.pool.DruidDataSource  - {dataSource-1} inited
2021-05-23 10:20:03,215 0      [           main] INFO  aba.druid.pool.DruidDataSource  - {dataSource-1} inited
2021-05-23 10:25:59,995 0      [           main] INFO  aba.druid.pool.DruidDataSource  - {dataSource-1} inited
2021-05-23 10:28:01,153 0      [           main] INFO  aba.druid.pool.DruidDataSource  - {dataSource-1} inited
2021-05-23 10:29:09,521 0      [           main] INFO  aba.druid.pool.DruidDataSource  - {dataSource-1} inited
2021-05-23 10:32:37,537 0      [           main] INFO  aba.druid.pool.DruidDataSource  - {dataSource-1} inited
2021-05-23 10:41:11,513 0      [           main] INFO  aba.druid.pool.DruidDataSource  - {dataSource-1} inited
2021-05-23 10:43:10,705 0      [           main] INFO  aba.druid.pool.DruidDataSource  - {dataSource-1} inited
2021-05-23 10:44:24,906 0      [           main] INFO  aba.druid.pool.DruidDataSource  - {dataSource-1} inited
2021-05-23 10:46:30,467 0      [           main] INFO  aba.druid.pool.DruidDataSource  - {dataSource-1} inited
2021-05-23 11:19:54,344 0      [           main] INFO  aba.druid.pool.DruidDataSource  - {dataSource-1} inited
2021-05-23 11:24:24,871 0      [           main] INFO  aba.druid.pool.DruidDataSource  - {dataSource-1} inited
2021-05-23 11:29:56,761 0      [           main] INFO  aba.druid.pool.DruidDataSource  - {dataSource-1} inited
2021-05-23 11:31:55,901 0      [           main] INFO  aba.druid.pool.DruidDataSource  - {dataSource-1} inited
2021-05-23 11:44:26,947 0      [           main] INFO  aba.druid.pool.DruidDataSource  - {dataSource-1} inited
2021-05-23 11:47:34,710 0      [           main] INFO  aba.druid.pool.DruidDataSource  - {dataSource-1} inited
2021-05-23 11:50:58,984 0      [           main] INFO  aba.druid.pool.DruidDataSource  - {dataSource-1} inited
2021-05-23 14:36:20,194 1      [           main] INFO  aba.druid.pool.DruidDataSource  - {dataSource-1} inited
2021-05-23 14:59:45,992 0      [           main] INFO  aba.druid.pool.DruidDataSource  - {dataSource-1} inited
2021-05-23 15:01:29,183 0      [           main] INFO  aba.druid.pool.DruidDataSource  - {dataSource-1} inited
2021-05-23 15:04:47,878 0      [           main] INFO  aba.druid.pool.DruidDataSource  - {dataSource-1} inited
2021-05-23 15:15:50,669 0      [           main] INFO  aba.druid.pool.DruidDataSource  - {dataSource-1} inited
2021-05-23 15:39:37,635 0      [           main] INFO  aba.druid.pool.DruidDataSource  - {dataSource-1} inited
2021-05-23 15:43:31,467 0      [           main] INFO  aba.druid.pool.DruidDataSource  - {dataSource-1} inited
2021-05-23 15:54:05,909 0      [           main] INFO  aba.druid.pool.DruidDataSource  - {dataSource-1} inited
2021-05-23 15:56:42,304 1      [           main] INFO  aba.druid.pool.DruidDataSource  - {dataSource-1} inited
2021-05-23 16:03:18,451 0      [           main] INFO  aba.druid.pool.DruidDataSource  - {dataSource-1} inited
2021-05-23 16:09:02,215 0      [           main] INFO  aba.druid.pool.DruidDataSource  - {dataSource-1} inited
2021-05-23 16:21:43,330 0      [           main] INFO  aba.druid.pool.DruidDataSource  - {dataSource-1} inited
2021-05-23 18:05:41,519 0      [           main] INFO  aba.druid.pool.DruidDataSource  - {dataSource-1} inited
2021-05-24 10:05:55,636 0      [           main] INFO  aba.druid.pool.DruidDataSource  - {dataSource-1} inited
2021-05-24 17:08:57,867 0      [           main] INFO  aba.druid.pool.DruidDataSource  - {dataSource-1} inited
2021-05-24 17:11:59,513 0      [           main] INFO  aba.druid.pool.DruidDataSource  - {dataSource-1} inited
2021-05-24 23:04:41,739 1      [           main] INFO  aba.druid.pool.DruidDataSource  - {dataSource-1} inited
2021-05-24 23:28:22,925 0      [           main] INFO  aba.druid.pool.DruidDataSource  - {dataSource-1} inited
2021-05-24 23:30:33,506 0      [           main] INFO  aba.druid.pool.DruidDataSource  - {dataSource-1} inited
2021-05-24 23:30:45,287 0      [           main] INFO  aba.druid.pool.DruidDataSource  - {dataSource-1} inited
2021-05-24 23:33:19,754 0      [           main] INFO  aba.druid.pool.DruidDataSource  - {dataSource-1} inited
2021-05-24 23:34:47,665 0      [           main] INFO  aba.druid.pool.DruidDataSource  - {dataSource-1} inited
2021-05-28 09:47:43,314 0      [           main] INFO  aba.druid.pool.DruidDataSource  - {dataSource-1} inited
2021-05-29 10:13:19,178 0      [           main] INFO  aba.druid.pool.DruidDataSource  - {dataSource-1} inited
2021-05-29 17:13:58,915 0      [           main] INFO  aba.druid.pool.DruidDataSource  - {dataSource-1} inited
2021-05-29 17:15:07,583 0      [           main] INFO  aba.druid.pool.DruidDataSource  - {dataSource-1} inited
2021-05-29 17:17:01,820 0      [           main] INFO  aba.druid.pool.DruidDataSource  - {dataSource-1} inited
2021-05-29 17:22:39,643 0      [           main] INFO  aba.druid.pool.DruidDataSource  - {dataSource-1} inited
2021-05-29 17:25:49,209 0      [           main] INFO  aba.druid.pool.DruidDataSource  - {dataSource-1} inited
2021-05-29 17:31:04,968 0      [           main] INFO  aba.druid.pool.DruidDataSource  - {dataSource-1} inited
2021-05-29 17:33:38,290 1      [           main] INFO  aba.druid.pool.DruidDataSource  - {dataSource-1} inited
2021-05-29 17:54:28,944 0      [           main] INFO  aba.druid.pool.DruidDataSource  - {dataSource-1} inited
2021-05-29 17:58:23,225 0      [           main] INFO  aba.druid.pool.DruidDataSource  - {dataSource-1} inited
2021-05-29 18:03:54,198 0      [           main] INFO  aba.druid.pool.DruidDataSource  - {dataSource-1} inited
2021-05-29 18:04:35,694 0      [           main] INFO  aba.druid.pool.DruidDataSource  - {dataSource-1} inited
2021-05-29 18:17:04,896 0      [           main] INFO  aba.druid.pool.DruidDataSource  - {dataSource-1} inited
2021-05-29 18:24:42,188 0      [           main] INFO  aba.druid.pool.DruidDataSource  - {dataSource-1} inited
2021-05-30 09:23:09,606 0      [           main] INFO  aba.druid.pool.DruidDataSource  - {dataSource-1} inited
2021-05-30 09:35:03,712 0      [           main] INFO  aba.druid.pool.DruidDataSource  - {dataSource-1} inited
2021-05-30 09:49:01,826 0      [           main] INFO  aba.druid.pool.DruidDataSource  - {dataSource-1} inited
2021-05-30 10:06:34,912 0      [           main] INFO  aba.druid.pool.DruidDataSource  - {dataSource-1} inited
2021-05-30 10:24:30,785 0      [           main] INFO  aba.druid.pool.DruidDataSource  - {dataSource-1} inited
2021-05-30 10:32:39,204 0      [           main] INFO  aba.druid.pool.DruidDataSource  - {dataSource-1} inited
2021-05-30 10:41:38,091 0      [           main] INFO  aba.druid.pool.DruidDataSource  - {dataSource-1} inited
2021-05-30 10:43:37,277 0      [           main] INFO  aba.druid.pool.DruidDataSource  - {dataSource-1} inited
2021-05-30 10:45:48,429 0      [           main] INFO  aba.druid.pool.DruidDataSource  - {dataSource-1} inited
2021-05-30 10:59:52,331 0      [           main] INFO  aba.druid.pool.DruidDataSource  - {dataSource-1} inited
2021-05-30 11:07:21,764 0      [           main] INFO  aba.druid.pool.DruidDataSource  - {dataSource-1} inited
2021-05-30 11:19:06,590 0      [           main] INFO  aba.druid.pool.DruidDataSource  - {dataSource-1} inited
2021-05-30 11:30:32,724 1      [           main] INFO  aba.druid.pool.DruidDataSource  - {dataSource-1} inited
2021-05-30 11:40:33,246 0      [           main] INFO  aba.druid.pool.DruidDataSource  - {dataSource-1} inited
2021-05-30 15:44:00,786 0      [           main] INFO  aba.druid.pool.DruidDataSource  - {dataSource-1} inited
2021-05-30 15:46:31,569 0      [           main] INFO  aba.druid.pool.DruidDataSource  - {dataSource-1} inited
2021-05-30 16:20:10,593 0      [           main] INFO  aba.druid.pool.DruidDataSource  - {dataSource-1} inited
2021-05-31 15:12:10,954 0      [           main] INFO  aba.druid.pool.DruidDataSource  - {dataSource-1} inited
2021-06-09 22:00:39,732 0      [           main] INFO  aba.druid.pool.DruidDataSource  - {dataSource-1} inited
2021-06-09 22:44:59,547 0      [           main] INFO  aba.druid.pool.DruidDataSource  - {dataSource-1} inited
2021-06-09 22:47:31,564 0      [           main] INFO  aba.druid.pool.DruidDataSource  - {dataSource-1} inited
2021-06-09 22:49:31,486 0      [           main] INFO  aba.druid.pool.DruidDataSource  - {dataSource-1} inited
2021-06-09 22:50:34,050 16     [           main] INFO  aba.druid.pool.DruidDataSource  - {dataSource-1} inited
2021-06-09 22:51:55,662 0      [           main] INFO  aba.druid.pool.DruidDataSource  - {dataSource-1} inited
2021-06-09 22:54:02,387 0      [           main] INFO  aba.druid.pool.DruidDataSource  - {dataSource-1} inited
2021-06-09 22:54:53,543 0      [           main] INFO  aba.druid.pool.DruidDataSource  - {dataSource-1} inited
2021-06-10 10:05:18,185 0      [           main] INFO  aba.druid.pool.DruidDataSource  - {dataSource-1} inited
2021-06-10 10:07:19,159 0      [           main] INFO  aba.druid.pool.DruidDataSource  - {dataSource-1} inited
2021-06-10 10:10:05,072 0      [           main] INFO  aba.druid.pool.DruidDataSource  - {dataSource-1} inited
2021-06-10 10:11:10,252 0      [           main] INFO  aba.druid.pool.DruidDataSource  - {dataSource-1} inited
2021-06-10 10:12:14,529 0      [           main] INFO  aba.druid.pool.DruidDataSource  - {dataSource-1} inited
2021-06-10 10:14:32,957 0      [           main] INFO  aba.druid.pool.DruidDataSource  - {dataSource-1} inited
2021-06-10 10:18:27,665 0      [           main] INFO  aba.druid.pool.DruidDataSource  - {dataSource-1} inited
2021-06-10 10:20:17,183 0      [           main] INFO  aba.druid.pool.DruidDataSource  - {dataSource-1} inited
2021-06-10 10:24:08,302 0      [           main] INFO  aba.druid.pool.DruidDataSource  - {dataSource-1} inited
2021-06-10 10:30:33,524 0      [           main] INFO  aba.druid.pool.DruidDataSource  - {dataSource-1} inited
2021-06-10 10:33:10,583 0      [           main] INFO  aba.druid.pool.DruidDataSource  - {dataSource-1} inited
2021-06-10 13:06:42,100 0      [           main] INFO  aba.druid.pool.DruidDataSource  - {dataSource-1} inited
2021-06-10 13:08:28,852 0      [           main] INFO  aba.druid.pool.DruidDataSource  - {dataSource-1} inited
2021-06-10 13:09:27,253 0      [           main] INFO  aba.druid.pool.DruidDataSource  - {dataSource-1} inited
2021-06-10 13:10:46,563 0      [           main] INFO  aba.druid.pool.DruidDataSource  - {dataSource-1} inited
2021-06-10 21:05:20,293 0      [           main] INFO  aba.druid.pool.DruidDataSource  - {dataSource-1} inited
2021-06-10 21:14:36,378 0      [           main] INFO  aba.druid.pool.DruidDataSource  - {dataSource-1} inited
2021-06-10 21:15:59,317 1      [           main] INFO  aba.druid.pool.DruidDataSource  - {dataSource-1} inited
2021-06-10 21:20:56,043 0      [           main] INFO  aba.druid.pool.DruidDataSource  - {dataSource-1} inited
2021-06-10 21:24:59,152 0      [           main] INFO  aba.druid.pool.DruidDataSource  - {dataSource-1} inited
2021-06-10 21:51:05,642 1      [           main] INFO  aba.druid.pool.DruidDataSource  - {dataSource-1} inited
2021-06-10 22:10:58,252 0      [           main] INFO  aba.druid.pool.DruidDataSource  - {dataSource-1} inited
2021-06-10 22:14:53,919 0      [           main] INFO  aba.druid.pool.DruidDataSource  - {dataSource-1} inited
2021-06-10 22:16:54,554 0      [           main] INFO  aba.druid.pool.DruidDataSource  - {dataSource-1} inited
2021-06-10 22:19:30,153 0      [           main] INFO  aba.druid.pool.DruidDataSource  - {dataSource-1} inited
2021-06-10 22:20:31,923 0      [           main] INFO  aba.druid.pool.DruidDataSource  - {dataSource-1} inited
2021-06-10 22:22:33,122 0      [           main] INFO  aba.druid.pool.DruidDataSource  - {dataSource-1} inited
2021-06-10 22:26:39,850 0      [           main] INFO  aba.druid.pool.DruidDataSource  - {dataSource-1} inited
2021-06-10 22:28:09,319 0      [           main] INFO  aba.druid.pool.DruidDataSource  - {dataSource-1} inited
2021-06-10 22:29:49,482 0      [           main] INFO  aba.druid.pool.DruidDataSource  - {dataSource-1} inited
2021-06-10 22:30:37,656 0      [           main] INFO  aba.druid.pool.DruidDataSource  - {dataSource-1} inited
2021-06-10 22:34:46,635 0      [           main] INFO  aba.druid.pool.DruidDataSource  - {dataSource-1} inited
2021-06-10 22:35:52,085 0      [           main] INFO  aba.druid.pool.DruidDataSource  - {dataSource-1} inited
2021-06-10 22:38:18,919 0      [           main] INFO  aba.druid.pool.DruidDataSource  - {dataSource-1} inited
2021-06-10 22:41:11,481 0      [           main] INFO  aba.druid.pool.DruidDataSource  - {dataSource-1} inited
2021-06-10 22:44:46,227 1      [           main] INFO  aba.druid.pool.DruidDataSource  - {dataSource-1} inited
2021-06-10 22:47:45,533 0      [           main] INFO  aba.druid.pool.DruidDataSource  - {dataSource-1} inited
2021-06-10 22:48:19,540 0      [           main] INFO  aba.druid.pool.DruidDataSource  - {dataSource-1} inited
2021-06-10 22:59:12,650 0      [           main] INFO  aba.druid.pool.DruidDataSource  - {dataSource-1} inited
2021-06-10 23:02:12,074 0      [           main] INFO  aba.druid.pool.DruidDataSource  - {dataSource-1} inited
2021-06-10 23:04:46,588 0      [           main] INFO  aba.druid.pool.DruidDataSource  - {dataSource-1} inited
2021-06-10 23:05:53,096 0      [           main] INFO  aba.druid.pool.DruidDataSource  - {dataSource-1} inited
2021-06-10 23:08:47,651 0      [           main] INFO  aba.druid.pool.DruidDataSource  - {dataSource-1} inited
2021-06-10 23:13:14,430 0      [           main] INFO  aba.druid.pool.DruidDataSource  - {dataSource-1} inited
2021-06-10 23:14:04,977 0      [           main] INFO  aba.druid.pool.DruidDataSource  - {dataSource-1} inited
2021-06-10 23:21:18,166 0      [           main] INFO  aba.druid.pool.DruidDataSource  - {dataSource-1} inited
2021-06-10 23:25:24,759 0      [           main] INFO  aba.druid.pool.DruidDataSource  - {dataSource-1} inited
2021-06-10 23:28:36,078 0      [           main] INFO  aba.druid.pool.DruidDataSource  - {dataSource-1} inited
2021-06-10 23:29:29,655 0      [           main] INFO  aba.druid.pool.DruidDataSource  - {dataSource-1} inited
2021-06-10 23:30:59,914 0      [           main] INFO  aba.druid.pool.DruidDataSource  - {dataSource-1} inited
2021-06-10 23:31:56,589 0      [           main] INFO  aba.druid.pool.DruidDataSource  - {dataSource-1} inited
2021-06-10 23:51:20,494 0      [           main] INFO  aba.druid.pool.DruidDataSource  - {dataSource-1} inited
2021-06-10 23:54:56,411 0      [           main] INFO  aba.druid.pool.DruidDataSource  - {dataSource-1} inited
2021-06-10 23:56:14,056 0      [           main] INFO  aba.druid.pool.DruidDataSource  - {dataSource-1} inited
2021-06-10 23:58:09,470 0      [           main] INFO  aba.druid.pool.DruidDataSource  - {dataSource-1} inited
2021-06-11 10:00:40,880 0      [           main] INFO  aba.druid.pool.DruidDataSource  - {dataSource-1} inited
2021-06-11 10:04:34,965 1      [           main] INFO  aba.druid.pool.DruidDataSource  - {dataSource-1} inited
2021-06-11 10:09:18,697 0      [           main] INFO  aba.druid.pool.DruidDataSource  - {dataSource-1} inited
2021-06-11 10:11:56,699 0      [           main] INFO  aba.druid.pool.DruidDataSource  - {dataSource-1} inited
2021-06-11 10:12:30,127 0      [           main] INFO  aba.druid.pool.DruidDataSource  - {dataSource-1} inited
2021-06-11 10:18:37,331 0      [           main] INFO  aba.druid.pool.DruidDataSource  - {dataSource-1} inited
2021-06-11 10:21:47,837 0      [           main] INFO  aba.druid.pool.DruidDataSource  - {dataSource-1} inited
2021-06-11 10:24:29,565 0      [           main] INFO  aba.druid.pool.DruidDataSource  - {dataSource-1} inited
2021-06-11 10:28:12,792 0      [           main] INFO  aba.druid.pool.DruidDataSource  - {dataSource-1} inited
2021-06-11 10:29:56,685 0      [           main] INFO  aba.druid.pool.DruidDataSource  - {dataSource-1} inited
2021-06-11 10:34:46,678 0      [           main] INFO  aba.druid.pool.DruidDataSource  - {dataSource-1} inited
2021-06-11 10:35:50,660 0      [           main] INFO  aba.druid.pool.DruidDataSource  - {dataSource-1} inited
2021-06-11 10:38:11,856 0      [           main] INFO  aba.druid.pool.DruidDataSource  - {dataSource-1} inited
2021-06-11 10:40:55,329 0      [           main] INFO  aba.druid.pool.DruidDataSource  - {dataSource-1} inited
2021-06-11 10:51:45,311 0      [           main] INFO  aba.druid.pool.DruidDataSource  - {dataSource-1} inited
2021-06-13 09:55:59,771 0      [           main] INFO  aba.druid.pool.DruidDataSource  - {dataSource-1} inited
2021-06-13 10:07:42,808 0      [           main] INFO  aba.druid.pool.DruidDataSource  - {dataSource-1} inited
2021-06-13 10:13:54,999 0      [           main] INFO  aba.druid.pool.DruidDataSource  - {dataSource-1} inited
2021-06-13 10:18:32,533 0      [           main] INFO  aba.druid.pool.DruidDataSource  - {dataSource-1} inited
2021-06-13 10:23:37,325 0      [           main] INFO  aba.druid.pool.DruidDataSource  - {dataSource-1} inited
2021-06-13 10:25:50,715 0      [           main] INFO  aba.druid.pool.DruidDataSource  - {dataSource-1} inited
2021-06-13 10:27:13,265 0      [           main] INFO  aba.druid.pool.DruidDataSource  - {dataSource-1} inited
2021-06-13 10:34:31,777 0      [           main] INFO  aba.druid.pool.DruidDataSource  - {dataSource-1} inited
2021-06-13 10:44:57,315 0      [           main] INFO  aba.druid.pool.DruidDataSource  - {dataSource-1} inited
2021-06-13 11:16:33,943 0      [           main] INFO  aba.druid.pool.DruidDataSource  - {dataSource-1} inited
2021-06-13 11:25:04,793 0      [           main] INFO  aba.druid.pool.DruidDataSource  - {dataSource-1} inited
2021-06-13 11:26:52,562 0      [           main] INFO  aba.druid.pool.DruidDataSource  - {dataSource-1} inited
2021-06-13 11:28:32,938 0      [           main] INFO  aba.druid.pool.DruidDataSource  - {dataSource-1} inited
2021-06-13 11:30:17,510 0      [           main] INFO  aba.druid.pool.DruidDataSource  - {dataSource-1} inited
2021-06-13 11:31:40,152 0      [           main] INFO  aba.druid.pool.DruidDataSource  - {dataSource-1} inited
2021-06-13 11:32:37,785 0      [           main] INFO  aba.druid.pool.DruidDataSource  - {dataSource-1} inited
2021-06-13 11:42:58,499 1      [           main] INFO  aba.druid.pool.DruidDataSource  - {dataSource-1} inited
2021-06-13 12:02:44,132 0      [           main] INFO  aba.druid.pool.DruidDataSource  - {dataSource-1} inited
2021-06-13 12:05:05,372 0      [           main] INFO  aba.druid.pool.DruidDataSource  - {dataSource-1} inited
2021-06-13 15:20:57,680 0      [           main] INFO  aba.druid.pool.DruidDataSource  - {dataSource-1} inited
2021-06-13 15:25:50,452 0      [           main] INFO  aba.druid.pool.DruidDataSource  - {dataSource-1} inited
2021-06-13 15:27:43,007 0      [           main] INFO  aba.druid.pool.DruidDataSource  - {dataSource-1} inited
2021-06-13 15:28:36,341 0      [           main] INFO  aba.druid.pool.DruidDataSource  - {dataSource-1} inited
2021-06-13 15:45:34,520 0      [           main] INFO  aba.druid.pool.DruidDataSource  - {dataSource-1} inited
2021-06-13 15:58:08,147 0      [           main] INFO  aba.druid.pool.DruidDataSource  - {dataSource-1} inited
2021-06-13 16:07:52,526 0      [           main] INFO  aba.druid.pool.DruidDataSource  - {dataSource-1} inited
2021-06-13 16:09:44,051 0      [           main] INFO  aba.druid.pool.DruidDataSource  - {dataSource-1} inited
2021-06-13 16:10:47,303 0      [           main] INFO  aba.druid.pool.DruidDataSource  - {dataSource-1} inited
2021-06-13 16:12:41,134 0      [           main] INFO  aba.druid.pool.DruidDataSource  - {dataSource-1} inited
2021-06-13 16:13:29,308 0      [           main] INFO  aba.druid.pool.DruidDataSource  - {dataSource-1} inited
2021-06-13 16:14:18,044 0      [           main] INFO  aba.druid.pool.DruidDataSource  - {dataSource-1} inited
2021-06-13 16:14:46,464 0      [           main] INFO  aba.druid.pool.DruidDataSource  - {dataSource-1} inited
2021-06-13 16:24:31,118 0      [           main] INFO  aba.druid.pool.DruidDataSource  - {dataSource-1} inited
2021-06-13 16:26:05,530 0      [           main] INFO  aba.druid.pool.DruidDataSource  - {dataSource-1} inited
2021-06-13 16:27:25,305 0      [           main] INFO  aba.druid.pool.DruidDataSource  - {dataSource-1} inited
2021-06-13 16:28:51,214 0      [           main] INFO  aba.druid.pool.DruidDataSource  - {dataSource-1} inited
2021-06-13 16:30:34,991 0      [           main] INFO  aba.druid.pool.DruidDataSource  - {dataSource-1} inited
2021-06-13 16:32:48,882 0      [           main] INFO  aba.druid.pool.DruidDataSource  - {dataSource-1} inited
2021-06-13 16:34:25,871 0      [           main] INFO  aba.druid.pool.DruidDataSource  - {dataSource-1} inited
2021-06-13 16:36:54,724 0      [           main] INFO  aba.druid.pool.DruidDataSource  - {dataSource-1} inited
2021-06-13 17:20:50,067 0      [           main] INFO  aba.druid.pool.DruidDataSource  - {dataSource-1} inited
2021-06-13 17:32:24,943 0      [           main] INFO  aba.druid.pool.DruidDataSource  - {dataSource-1} inited
2021-06-13 17:44:19,671 0      [           main] INFO  aba.druid.pool.DruidDataSource  - {dataSource-1} inited
2021-06-13 22:50:20,700 0      [           main] INFO  aba.druid.pool.DruidDataSource  - {dataSource-1} inited
2021-06-14 00:16:44,982 0      [           main] INFO  aba.druid.pool.DruidDataSource  - {dataSource-1} inited
2021-06-14 09:05:42,447 0      [           main] INFO  aba.druid.pool.DruidDataSource  - {dataSource-1} inited
2021-06-14 10:04:57,922 0      [           main] INFO  aba.druid.pool.DruidDataSource  - {dataSource-1} inited
2021-06-14 10:07:11,177 0      [           main] INFO  aba.druid.pool.DruidDataSource  - {dataSource-1} inited
2021-06-14 10:10:11,550 0      [           main] INFO  aba.druid.pool.DruidDataSource  - {dataSource-1} inited
2021-06-14 10:12:51,004 0      [           main] INFO  aba.druid.pool.DruidDataSource  - {dataSource-1} inited
2021-06-14 10:18:41,082 0      [           main] INFO  aba.druid.pool.DruidDataSource  - {dataSource-1} inited
